This file contains any messages produced by compilers while
running configure, to aid debugging if configure makes a mistake.

It was created by yacminer configure 3.3.1-yac2, which was
generated by GNU Autoconf 2.69.  Invocation command line was

  $ ./configure --enable-scrypt

## --------- ##
## Platform. ##
## --------- ##

hostname = qdoe
uname -m = x86_64
uname -r = 3.11.0-sabayon
uname -s = Linux
uname -v = #1 SMP Sat Nov 30 10:58:24 UTC 2013

/usr/bin/uname -p = Intel(R) Core(TM) i7-3930K CPU @ 3.20GHz
/bin/uname -X     = unknown

/bin/arch              = unknown
/usr/bin/arch -k       = unknown
/usr/convex/getsysinfo = unknown
/usr/bin/hostinfo      = unknown
/bin/machine           = unknown
/usr/bin/oslevel       = unknown
/bin/universe          = unknown

PATH: /usr/local/bin
PATH: /usr/bin
PATH: /bin
PATH: /opt/bin
PATH: /usr/x86_64-pc-linux-gnu/gcc-bin/4.7.3
PATH: /opt/android-sdk-update-manager/tools
PATH: /opt/android-sdk-update-manager/platform-tools
PATH: /opt/nvidia-cg-toolkit/bin
PATH: /usr/games/bin


## ----------- ##
## Core tests. ##
## ----------- ##

configure:2773: checking build system type
configure:2787: result: x86_64-unknown-linux-gnu
configure:2807: checking host system type
configure:2820: result: x86_64-unknown-linux-gnu
configure:2840: checking target system type
configure:2853: result: x86_64-unknown-linux-gnu
configure:2901: checking for a BSD-compatible install
configure:2969: result: /usr/bin/install -c
configure:2980: checking whether build environment is sane
configure:3030: result: yes
configure:3171: checking for a thread-safe mkdir -p
configure:3210: result: /bin/mkdir -p
configure:3224: checking for gawk
configure:3240: found /usr/bin/gawk
configure:3251: result: gawk
configure:3262: checking whether make sets $(MAKE)
configure:3284: result: yes
configure:3375: checking whether make supports nested variables
configure:3392: result: yes
configure:3415: checking for style of include used by make
configure:3443: result: GNU
configure:3514: checking for gcc
configure:3530: found /usr/bin/gcc
configure:3541: result: gcc
configure:3770: checking for C compiler version
configure:3779: gcc --version >&5
gcc (Gentoo Hardened 4.7.3-r1 p1.4, pie-0.5.5) 4.7.3
Copyright (C) 2012 Free Software Foundation, Inc.
This is free software; see the source for copying conditions.  There is NO
warranty; not even for MERCHANTABILITY or FITNESS FOR A PARTICULAR PURPOSE.

configure:3790: $? = 0
configure:3779: gcc -v >&5
Using built-in specs.
COLLECT_GCC=/usr/x86_64-pc-linux-gnu/gcc-bin/4.7.3/gcc
COLLECT_LTO_WRAPPER=/usr/libexec/gcc/x86_64-pc-linux-gnu/4.7.3/lto-wrapper
Target: x86_64-pc-linux-gnu
Configured with: /var/tmp/portage/sys-devel/gcc-4.7.3-r1/work/gcc-4.7.3/configure --host=x86_64-pc-linux-gnu --build=x86_64-pc-linux-gnu --prefix=/usr --bindir=/usr/x86_64-pc-linux-gnu/gcc-bin/4.7.3 --includedir=/usr/lib/gcc/x86_64-pc-linux-gnu/4.7.3/include --datadir=/usr/share/gcc-data/x86_64-pc-linux-gnu/4.7.3 --mandir=/usr/share/gcc-data/x86_64-pc-linux-gnu/4.7.3/man --infodir=/usr/share/gcc-data/x86_64-pc-linux-gnu/4.7.3/info --with-gxx-include-dir=/usr/lib/gcc/x86_64-pc-linux-gnu/4.7.3/include/g++-v4 --with-python-dir=/share/gcc-data/x86_64-pc-linux-gnu/4.7.3/python --enable-objc-gc --enable-languages=c,c++,java,go,objc,obj-c++,fortran --enable-obsolete --enable-secureplt --disable-werror --with-system-zlib --enable-nls --without-included-gettext --enable-checking=release --with-bugurl=https://bugs.gentoo.org/ --with-pkgversion='Gentoo Hardened 4.7.3-r1 p1.4, pie-0.5.5' --enable-esp --enable-libstdcxx-time --enable-shared --enable-threads=posix --enable-__cxa_atexit --enable-clocale=gnu --enable-multilib --with-multilib-list=m32,m64 --disable-altivec --disable-fixed-point --enable-targets=all --enable-libgomp --enable-libmudflap --disable-libssp --enable-lto --with-cloog --with-ppl --with-cloog-include=/usr/include/cloog-ppl --disable-ppl-version-check
Thread model: posix
gcc version 4.7.3 (Gentoo Hardened 4.7.3-r1 p1.4, pie-0.5.5) 
configure:3790: $? = 0
configure:3779: gcc -V >&5
gcc: error: unrecognized command line option '-V'
gcc: fatal error: no input files
compilation terminated.
configure:3790: $? = 1
configure:3779: gcc -qversion >&5
gcc: error: unrecognized command line option '-qversion'
gcc: fatal error: no input files
compilation terminated.
configure:3790: $? = 1
configure:3810: checking whether the C compiler works
configure:3832: gcc    conftest.c  >&5
configure:3836: $? = 0
configure:3884: result: yes
configure:3887: checking for C compiler default output file name
configure:3889: result: a.out
configure:3895: checking for suffix of executables
configure:3902: gcc -o conftest    conftest.c  >&5
configure:3906: $? = 0
configure:3928: result: 
configure:3950: checking whether we are cross compiling
configure:3958: gcc -o conftest    conftest.c  >&5
configure:3962: $? = 0
configure:3969: ./conftest
configure:3973: $? = 0
configure:3988: result: no
configure:3993: checking for suffix of object files
configure:4015: gcc -c   conftest.c >&5
configure:4019: $? = 0
configure:4040: result: o
configure:4044: checking whether we are using the GNU C compiler
configure:4063: gcc -c   conftest.c >&5
configure:4063: $? = 0
configure:4072: result: yes
configure:4081: checking whether gcc accepts -g
configure:4101: gcc -c -g  conftest.c >&5
configure:4101: $? = 0
configure:4142: result: yes
configure:4159: checking for gcc option to accept ISO C89
configure:4222: gcc  -c -g -O2  conftest.c >&5
configure:4222: $? = 0
configure:4235: result: none needed
configure:4257: checking dependency style of gcc
configure:4368: result: gcc3
configure:4389: checking how to run the C preprocessor
configure:4420: gcc -E  conftest.c
configure:4420: $? = 0
configure:4434: gcc -E  conftest.c
conftest.c:11:28: fatal error: ac_nonexistent.h: No such file or directory
compilation terminated.
configure:4434: $? = 1
configure: failed program was:
| /* confdefs.h */
| #define PACKAGE_NAME "yacminer"
| #define PACKAGE_TARNAME "yacminer"
| #define PACKAGE_VERSION "3.3.1-yac2"
| #define PACKAGE_STRING "yacminer 3.3.1-yac2"
| #define PACKAGE_BUGREPORT "mikaelh@mbnet.fi"
| #define PACKAGE_URL ""
| #define PACKAGE "yacminer"
| #define VERSION "3.3.1-yac2"
| /* end confdefs.h.  */
| #include <ac_nonexistent.h>
configure:4459: result: gcc -E
configure:4479: gcc -E  conftest.c
configure:4479: $? = 0
configure:4493: gcc -E  conftest.c
conftest.c:11:28: fatal error: ac_nonexistent.h: No such file or directory
compilation terminated.
configure:4493: $? = 1
configure: failed program was:
| /* confdefs.h */
| #define PACKAGE_NAME "yacminer"
| #define PACKAGE_TARNAME "yacminer"
| #define PACKAGE_VERSION "3.3.1-yac2"
| #define PACKAGE_STRING "yacminer 3.3.1-yac2"
| #define PACKAGE_BUGREPORT "mikaelh@mbnet.fi"
| #define PACKAGE_URL ""
| #define PACKAGE "yacminer"
| #define VERSION "3.3.1-yac2"
| /* end confdefs.h.  */
| #include <ac_nonexistent.h>
configure:4522: checking for grep that handles long lines and -e
configure:4580: result: /bin/grep
configure:4585: checking for egrep
configure:4647: result: /bin/grep -E
configure:4652: checking for ANSI C header files
configure:4672: gcc -c -g -O2  conftest.c >&5
configure:4672: $? = 0
configure:4745: gcc -o conftest -g -O2   conftest.c  >&5
configure:4745: $? = 0
configure:4745: ./conftest
configure:4745: $? = 0
configure:4756: result: yes
configure:4769: checking for sys/types.h
configure:4769: gcc -c -g -O2  conftest.c >&5
configure:4769: $? = 0
configure:4769: result: yes
configure:4769: checking for sys/stat.h
configure:4769: gcc -c -g -O2  conftest.c >&5
configure:4769: $? = 0
configure:4769: result: yes
configure:4769: checking for stdlib.h
configure:4769: gcc -c -g -O2  conftest.c >&5
configure:4769: $? = 0
configure:4769: result: yes
configure:4769: checking for string.h
configure:4769: gcc -c -g -O2  conftest.c >&5
configure:4769: $? = 0
configure:4769: result: yes
configure:4769: checking for memory.h
configure:4769: gcc -c -g -O2  conftest.c >&5
configure:4769: $? = 0
configure:4769: result: yes
configure:4769: checking for strings.h
configure:4769: gcc -c -g -O2  conftest.c >&5
configure:4769: $? = 0
configure:4769: result: yes
configure:4769: checking for inttypes.h
configure:4769: gcc -c -g -O2  conftest.c >&5
configure:4769: $? = 0
configure:4769: result: yes
configure:4769: checking for stdint.h
configure:4769: gcc -c -g -O2  conftest.c >&5
configure:4769: $? = 0
configure:4769: result: yes
configure:4769: checking for unistd.h
configure:4769: gcc -c -g -O2  conftest.c >&5
configure:4769: $? = 0
configure:4769: result: yes
configure:4784: checking minix/config.h usability
configure:4784: gcc -c -g -O2  conftest.c >&5
conftest.c:54:26: fatal error: minix/config.h: No such file or directory
compilation terminated.
configure:4784: $? = 1
configure: failed program was:
| /* confdefs.h */
| #define PACKAGE_NAME "yacminer"
| #define PACKAGE_TARNAME "yacminer"
| #define PACKAGE_VERSION "3.3.1-yac2"
| #define PACKAGE_STRING "yacminer 3.3.1-yac2"
| #define PACKAGE_BUGREPORT "mikaelh@mbnet.fi"
| #define PACKAGE_URL ""
| #define PACKAGE "yacminer"
| #define VERSION "3.3.1-yac2"
| #define STDC_HEADERS 1
| #define HAVE_SYS_TYPES_H 1
| #define HAVE_SYS_STAT_H 1
| #define HAVE_STDLIB_H 1
| #define HAVE_STRING_H 1
| #define HAVE_MEMORY_H 1
| #define HAVE_STRINGS_H 1
| #define HAVE_INTTYPES_H 1
| #define HAVE_STDINT_H 1
| #define HAVE_UNISTD_H 1
| /* end confdefs.h.  */
| #include <stdio.h>
| #ifdef HAVE_SYS_TYPES_H
| # include <sys/types.h>
| #endif
| #ifdef HAVE_SYS_STAT_H
| # include <sys/stat.h>
| #endif
| #ifdef STDC_HEADERS
| # include <stdlib.h>
| # include <stddef.h>
| #else
| # ifdef HAVE_STDLIB_H
| #  include <stdlib.h>
| # endif
| #endif
| #ifdef HAVE_STRING_H
| # if !defined STDC_HEADERS && defined HAVE_MEMORY_H
| #  include <memory.h>
| # endif
| # include <string.h>
| #endif
| #ifdef HAVE_STRINGS_H
| # include <strings.h>
| #endif
| #ifdef HAVE_INTTYPES_H
| # include <inttypes.h>
| #endif
| #ifdef HAVE_STDINT_H
| # include <stdint.h>
| #endif
| #ifdef HAVE_UNISTD_H
| # include <unistd.h>
| #endif
| #include <minix/config.h>
configure:4784: result: no
configure:4784: checking minix/config.h presence
configure:4784: gcc -E  conftest.c
conftest.c:21:26: fatal error: minix/config.h: No such file or directory
compilation terminated.
configure:4784: $? = 1
configure: failed program was:
| /* confdefs.h */
| #define PACKAGE_NAME "yacminer"
| #define PACKAGE_TARNAME "yacminer"
| #define PACKAGE_VERSION "3.3.1-yac2"
| #define PACKAGE_STRING "yacminer 3.3.1-yac2"
| #define PACKAGE_BUGREPORT "mikaelh@mbnet.fi"
| #define PACKAGE_URL ""
| #define PACKAGE "yacminer"
| #define VERSION "3.3.1-yac2"
| #define STDC_HEADERS 1
| #define HAVE_SYS_TYPES_H 1
| #define HAVE_SYS_STAT_H 1
| #define HAVE_STDLIB_H 1
| #define HAVE_STRING_H 1
| #define HAVE_MEMORY_H 1
| #define HAVE_STRINGS_H 1
| #define HAVE_INTTYPES_H 1
| #define HAVE_STDINT_H 1
| #define HAVE_UNISTD_H 1
| /* end confdefs.h.  */
| #include <minix/config.h>
configure:4784: result: no
configure:4784: checking for minix/config.h
configure:4784: result: no
configure:4813: checking whether it is safe to define __EXTENSIONS__
configure:4831: gcc -c -g -O2  conftest.c >&5
configure:4831: $? = 0
configure:4838: result: yes
configure:4885: checking whether to enable maintainer-specific portions of Makefiles
configure:4894: result: no
configure:4956: checking for gcc
configure:4983: result: gcc
configure:5212: checking for C compiler version
configure:5221: gcc --version >&5
gcc (Gentoo Hardened 4.7.3-r1 p1.4, pie-0.5.5) 4.7.3
Copyright (C) 2012 Free Software Foundation, Inc.
This is free software; see the source for copying conditions.  There is NO
warranty; not even for MERCHANTABILITY or FITNESS FOR A PARTICULAR PURPOSE.

configure:5232: $? = 0
configure:5221: gcc -v >&5
Using built-in specs.
COLLECT_GCC=/usr/x86_64-pc-linux-gnu/gcc-bin/4.7.3/gcc
COLLECT_LTO_WRAPPER=/usr/libexec/gcc/x86_64-pc-linux-gnu/4.7.3/lto-wrapper
Target: x86_64-pc-linux-gnu
Configured with: /var/tmp/portage/sys-devel/gcc-4.7.3-r1/work/gcc-4.7.3/configure --host=x86_64-pc-linux-gnu --build=x86_64-pc-linux-gnu --prefix=/usr --bindir=/usr/x86_64-pc-linux-gnu/gcc-bin/4.7.3 --includedir=/usr/lib/gcc/x86_64-pc-linux-gnu/4.7.3/include --datadir=/usr/share/gcc-data/x86_64-pc-linux-gnu/4.7.3 --mandir=/usr/share/gcc-data/x86_64-pc-linux-gnu/4.7.3/man --infodir=/usr/share/gcc-data/x86_64-pc-linux-gnu/4.7.3/info --with-gxx-include-dir=/usr/lib/gcc/x86_64-pc-linux-gnu/4.7.3/include/g++-v4 --with-python-dir=/share/gcc-data/x86_64-pc-linux-gnu/4.7.3/python --enable-objc-gc --enable-languages=c,c++,java,go,objc,obj-c++,fortran --enable-obsolete --enable-secureplt --disable-werror --with-system-zlib --enable-nls --without-included-gettext --enable-checking=release --with-bugurl=https://bugs.gentoo.org/ --with-pkgversion='Gentoo Hardened 4.7.3-r1 p1.4, pie-0.5.5' --enable-esp --enable-libstdcxx-time --enable-shared --enable-threads=posix --enable-__cxa_atexit --enable-clocale=gnu --enable-multilib --with-multilib-list=m32,m64 --disable-altivec --disable-fixed-point --enable-targets=all --enable-libgomp --enable-libmudflap --disable-libssp --enable-lto --with-cloog --with-ppl --with-cloog-include=/usr/include/cloog-ppl --disable-ppl-version-check
Thread model: posix
gcc version 4.7.3 (Gentoo Hardened 4.7.3-r1 p1.4, pie-0.5.5) 
configure:5232: $? = 0
configure:5221: gcc -V >&5
gcc: error: unrecognized command line option '-V'
gcc: fatal error: no input files
compilation terminated.
configure:5232: $? = 1
configure:5221: gcc -qversion >&5
gcc: error: unrecognized command line option '-qversion'
gcc: fatal error: no input files
compilation terminated.
configure:5232: $? = 1
configure:5236: checking whether we are using the GNU C compiler
configure:5264: result: yes
configure:5273: checking whether gcc accepts -g
configure:5334: result: yes
configure:5351: checking for gcc option to accept ISO C89
configure:5427: result: none needed
configure:5449: checking dependency style of gcc
configure:5560: result: gcc3
configure:5618: checking for ranlib
configure:5634: found /usr/bin/ranlib
configure:5645: result: ranlib
configure:5693: checking whether gcc needs -traditional
configure:5727: result: no
configure:5735: checking whether gcc and cc understand -c and -o together
configure:5766: gcc -c conftest.c -o conftest2.o >&5
configure:5770: $? = 0
configure:5776: gcc -c conftest.c -o conftest2.o >&5
configure:5780: $? = 0
configure:5791: cc -c conftest.c >&5
configure:5795: $? = 0
configure:5803: cc -c conftest.c -o conftest2.o >&5
configure:5807: $? = 0
configure:5813: cc -c conftest.c -o conftest2.o >&5
configure:5817: $? = 0
configure:5835: result: yes
configure:5903: checking for ranlib
configure:5930: result: ranlib
configure:5967: checking sys/mman.h usability
configure:5967: gcc -c -g -O2  conftest.c >&5
configure:5967: $? = 0
configure:5967: result: yes
configure:5967: checking sys/mman.h presence
configure:5967: gcc -E  conftest.c
configure:5967: $? = 0
configure:5967: result: yes
configure:5967: checking for sys/mman.h
configure:5967: result: yes
configure:5967: checking wchar.h usability
configure:5967: gcc -c -g -O2  conftest.c >&5
configure:5967: $? = 0
configure:5967: result: yes
configure:5967: checking wchar.h presence
configure:5967: gcc -E  conftest.c
configure:5967: $? = 0
configure:5967: result: yes
configure:5967: checking for wchar.h
configure:5967: result: yes
configure:5967: checking for stdint.h
configure:5967: result: yes
configure:5988: checking for mprotect
configure:5988: gcc -o conftest -g -O2   conftest.c  >&5
configure:5988: $? = 0
configure:5988: result: yes
configure:5988: checking for sigaction
configure:5988: gcc -o conftest -g -O2   conftest.c  >&5
configure:5988: $? = 0
configure:5988: result: yes
configure:5988: checking for sigaltstack
configure:5988: gcc -o conftest -g -O2   conftest.c  >&5
configure:5988: $? = 0
configure:5988: result: yes
configure:5988: checking for siginterrupt
configure:5988: gcc -o conftest -g -O2   conftest.c  >&5
configure:5988: $? = 0
configure:5988: result: yes
configure:6079: checking for mmap
configure:6079: gcc -o conftest -g -O2   conftest.c  >&5
configure:6079: $? = 0
configure:6079: result: yes
configure:6090: checking for MAP_ANONYMOUS
configure:6127: result: yes
configure:6161: checking whether memchr works
configure:6224: gcc -o conftest -g -O2   conftest.c  >&5
configure:6224: $? = 0
configure:6224: ./conftest
configure:6224: $? = 0
configure:6234: result: yes
configure:6242: checking whether memmem is declared
configure:6242: gcc -c -g -O2  conftest.c >&5
configure:6242: $? = 0
configure:6242: result: yes
configure:6260: checking for memmem
configure:6260: gcc -o conftest -g -O2   conftest.c  >&5
configure:6260: $? = 0
configure:6260: result: yes
configure:6284: checking whether memmem works
configure:6348: gcc -o conftest -g -O2   conftest.c  >&5
configure:6348: $? = 0
configure:6348: ./conftest
configure:6348: $? = 0
configure:6359: result: yes
configure:6377: gcc -c -g -O2  conftest.c >&5
conftest.c:40:10: error: unknown type name 'not'
conftest.c:40:16: error: expected '=', ',', ';', 'asm' or '__attribute__' before 'universal'
conftest.c:40:16: error: unknown type name 'universal'
configure:6377: $? = 1
configure: failed program was:
| /* confdefs.h */
| #define PACKAGE_NAME "yacminer"
| #define PACKAGE_TARNAME "yacminer"
| #define PACKAGE_VERSION "3.3.1-yac2"
| #define PACKAGE_STRING "yacminer 3.3.1-yac2"
| #define PACKAGE_BUGREPORT "mikaelh@mbnet.fi"
| #define PACKAGE_URL ""
| #define PACKAGE "yacminer"
| #define VERSION "3.3.1-yac2"
| #define STDC_HEADERS 1
| #define HAVE_SYS_TYPES_H 1
| #define HAVE_SYS_STAT_H 1
| #define HAVE_STDLIB_H 1
| #define HAVE_STRING_H 1
| #define HAVE_MEMORY_H 1
| #define HAVE_STRINGS_H 1
| #define HAVE_INTTYPES_H 1
| #define HAVE_STDINT_H 1
| #define HAVE_UNISTD_H 1
| #define __EXTENSIONS__ 1
| #define _ALL_SOURCE 1
| #define _GNU_SOURCE 1
| #define _POSIX_PTHREAD_SEMANTICS 1
| #define _TANDEM_SOURCE 1
| #define YACMINER_MAJOR_VERSION 3
| #define YACMINER_MINOR_VERSION 3
| #define YACMINER_MINOR_SUBVERSION 1
| #define HAVE_SYS_MMAN_H 1
| #define HAVE_WCHAR_H 1
| #define HAVE_STDINT_H 1
| #define HAVE_MPROTECT 1
| #define HAVE_SIGACTION 1
| #define HAVE_SIGALTSTACK 1
| #define HAVE_SIGINTERRUPT 1
| #define HAVE_MAP_ANONYMOUS 1
| #define HAVE_DECL_MEMMEM 1
| #define HAVE_MEMMEM 1
| /* end confdefs.h.  */
| #ifndef __APPLE_CC__
|          not a universal capable compiler
|         #endif
|         typedef int dummy;
| 
configure:6428: checking for C/C++ restrict keyword
configure:6453: gcc -c -g -O2  conftest.c >&5
configure:6453: $? = 0
configure:6461: result: __restrict
configure:6474: checking for uid_t in sys/types.h
configure:6493: result: yes
configure:6504: checking for inline
configure:6520: gcc -c -g -O2  conftest.c >&5
configure:6520: $? = 0
configure:6528: result: inline
configure:6561: checking whether the preprocessor supports include_next
configure:6599: gcc -c -g -O2  -Iconftestd1b -Iconftestd2 conftest.c >&5
configure:6599: $? = 0
configure:6620: result: yes
configure:6641: checking whether system header files limit the line length
configure:6664: result: no
configure:6678: checking for wchar_t
configure:6695: gcc -c -g -O2  conftest.c >&5
configure:6695: $? = 0
configure:6702: result: yes
configure:6711: checking for unsigned long long int
configure:6750: gcc -o conftest -g -O2   conftest.c  >&5
configure:6750: $? = 0
configure:6759: result: yes
configure:6769: checking for long long int
configure:6807: gcc -o conftest -g -O2   conftest.c  >&5
configure:6807: $? = 0
configure:6807: ./conftest
configure:6807: $? = 0
configure:6819: result: yes
configure:6956: checking whether stdint.h conforms to C99
configure:7127: gcc -c -g -O2  conftest.c >&5
configure:7127: $? = 0
configure:7209: gcc -o conftest -g -O2   conftest.c  >&5
configure:7209: $? = 0
configure:7209: ./conftest
configure:7209: $? = 0
configure:7221: result: yes
configure:7620: checking whether memmem is declared without a macro
configure:7638: gcc -c -g -O2  conftest.c >&5
configure:7638: $? = 0
configure:7646: result: yes
configure:7620: checking whether mempcpy is declared without a macro
configure:7638: gcc -c -g -O2  conftest.c >&5
configure:7638: $? = 0
configure:7646: result: yes
configure:7620: checking whether memrchr is declared without a macro
configure:7638: gcc -c -g -O2  conftest.c >&5
configure:7638: $? = 0
configure:7646: result: yes
configure:7620: checking whether rawmemchr is declared without a macro
configure:7638: gcc -c -g -O2  conftest.c >&5
configure:7638: $? = 0
configure:7646: result: yes
configure:7620: checking whether stpcpy is declared without a macro
configure:7638: gcc -c -g -O2  conftest.c >&5
configure:7638: $? = 0
configure:7646: result: yes
configure:7620: checking whether stpncpy is declared without a macro
configure:7638: gcc -c -g -O2  conftest.c >&5
configure:7638: $? = 0
configure:7646: result: yes
configure:7620: checking whether strchrnul is declared without a macro
configure:7638: gcc -c -g -O2  conftest.c >&5
configure:7638: $? = 0
configure:7646: result: yes
configure:7620: checking whether strdup is declared without a macro
configure:7638: gcc -c -g -O2  conftest.c >&5
configure:7638: $? = 0
configure:7646: result: yes
configure:7620: checking whether strncat is declared without a macro
configure:7638: gcc -c -g -O2  conftest.c >&5
configure:7638: $? = 0
configure:7646: result: yes
configure:7620: checking whether strndup is declared without a macro
configure:7638: gcc -c -g -O2  conftest.c >&5
configure:7638: $? = 0
configure:7646: result: yes
configure:7620: checking whether strnlen is declared without a macro
configure:7638: gcc -c -g -O2  conftest.c >&5
configure:7638: $? = 0
configure:7646: result: yes
configure:7620: checking whether strpbrk is declared without a macro
configure:7638: gcc -c -g -O2  conftest.c >&5
configure:7638: $? = 0
configure:7646: result: yes
configure:7620: checking whether strsep is declared without a macro
configure:7638: gcc -c -g -O2  conftest.c >&5
configure:7638: $? = 0
configure:7646: result: yes
configure:7620: checking whether strcasestr is declared without a macro
configure:7638: gcc -c -g -O2  conftest.c >&5
configure:7638: $? = 0
configure:7646: result: yes
configure:7620: checking whether strtok_r is declared without a macro
configure:7638: gcc -c -g -O2  conftest.c >&5
configure:7638: $? = 0
configure:7646: result: yes
configure:7620: checking whether strerror_r is declared without a macro
configure:7638: gcc -c -g -O2  conftest.c >&5
configure:7638: $? = 0
configure:7646: result: yes
configure:7620: checking whether strsignal is declared without a macro
configure:7638: gcc -c -g -O2  conftest.c >&5
configure:7638: $? = 0
configure:7646: result: yes
configure:7620: checking whether strverscmp is declared without a macro
configure:7638: gcc -c -g -O2  conftest.c >&5
configure:7638: $? = 0
configure:7646: result: yes
configure:7726: checking whether memmem works in linear time
configure:7797: gcc -o conftest -g -O2   conftest.c  >&5
configure:7797: $? = 0
configure:7797: ./conftest
configure:7797: $? = 0
configure:7808: result: yes
configure:7833: checking for memmem
configure:7833: result: yes
configure:7857: checking whether memmem works
configure:7932: result: yes
configure:7978: checking for struct sigaction.sa_sigaction
configure:7978: gcc -c -g -O2  conftest.c >&5
configure:7978: $? = 0
configure:7978: result: yes
configure:8113: checking for volatile sig_atomic_t
configure:8113: gcc -c -g -O2  conftest.c >&5
configure:8113: $? = 0
configure:8113: gcc -c -g -O2  conftest.c >&5
conftest.c: In function 'main':
conftest.c:73:36: error: expected expression before ')' token
configure:8113: $? = 1
configure: failed program was:
| /* confdefs.h */
| #define PACKAGE_NAME "yacminer"
| #define PACKAGE_TARNAME "yacminer"
| #define PACKAGE_VERSION "3.3.1-yac2"
| #define PACKAGE_STRING "yacminer 3.3.1-yac2"
| #define PACKAGE_BUGREPORT "mikaelh@mbnet.fi"
| #define PACKAGE_URL ""
| #define PACKAGE "yacminer"
| #define VERSION "3.3.1-yac2"
| #define STDC_HEADERS 1
| #define HAVE_SYS_TYPES_H 1
| #define HAVE_SYS_STAT_H 1
| #define HAVE_STDLIB_H 1
| #define HAVE_STRING_H 1
| #define HAVE_MEMORY_H 1
| #define HAVE_STRINGS_H 1
| #define HAVE_INTTYPES_H 1
| #define HAVE_STDINT_H 1
| #define HAVE_UNISTD_H 1
| #define __EXTENSIONS__ 1
| #define _ALL_SOURCE 1
| #define _GNU_SOURCE 1
| #define _POSIX_PTHREAD_SEMANTICS 1
| #define _TANDEM_SOURCE 1
| #define YACMINER_MAJOR_VERSION 3
| #define YACMINER_MINOR_VERSION 3
| #define YACMINER_MINOR_SUBVERSION 1
| #define HAVE_SYS_MMAN_H 1
| #define HAVE_WCHAR_H 1
| #define HAVE_STDINT_H 1
| #define HAVE_MPROTECT 1
| #define HAVE_SIGACTION 1
| #define HAVE_SIGALTSTACK 1
| #define HAVE_SIGINTERRUPT 1
| #define HAVE_MAP_ANONYMOUS 1
| #define HAVE_DECL_MEMMEM 1
| #define HAVE_MEMMEM 1
| #define restrict __restrict
| #define HAVE_WCHAR_T 1
| #define HAVE_UNSIGNED_LONG_LONG_INT 1
| #define HAVE_LONG_LONG_INT 1
| #define HAVE_RAW_DECL_MEMMEM 1
| #define HAVE_RAW_DECL_MEMPCPY 1
| #define HAVE_RAW_DECL_MEMRCHR 1
| #define HAVE_RAW_DECL_RAWMEMCHR 1
| #define HAVE_RAW_DECL_STPCPY 1
| #define HAVE_RAW_DECL_STPNCPY 1
| #define HAVE_RAW_DECL_STRCHRNUL 1
| #define HAVE_RAW_DECL_STRDUP 1
| #define HAVE_RAW_DECL_STRNCAT 1
| #define HAVE_RAW_DECL_STRNDUP 1
| #define HAVE_RAW_DECL_STRNLEN 1
| #define HAVE_RAW_DECL_STRPBRK 1
| #define HAVE_RAW_DECL_STRSEP 1
| #define HAVE_RAW_DECL_STRCASESTR 1
| #define HAVE_RAW_DECL_STRTOK_R 1
| #define HAVE_RAW_DECL_STRERROR_R 1
| #define HAVE_RAW_DECL_STRSIGNAL 1
| #define HAVE_RAW_DECL_STRVERSCMP 1
| #define GNULIB_TEST_MEMCHR 1
| #define HAVE_MEMMEM 1
| #define GNULIB_TEST_MEMMEM 1
| #define HAVE_STRUCT_SIGACTION_SA_SIGACTION 1
| #define GNULIB_TEST_SIGACTION 1
| /* end confdefs.h.  */
| 
| #include <signal.h>
| 
| 
| int
| main ()
| {
| if (sizeof ((volatile sig_atomic_t)))
| 	    return 0;
|   ;
|   return 0;
| }
configure:8113: result: yes
configure:8127: checking for sighandler_t
configure:8127: gcc -c -g -O2  conftest.c >&5
configure:8127: $? = 0
configure:8127: gcc -c -g -O2  conftest.c >&5
conftest.c: In function 'main':
conftest.c:73:27: error: expected expression before ')' token
configure:8127: $? = 1
configure: failed program was:
| /* confdefs.h */
| #define PACKAGE_NAME "yacminer"
| #define PACKAGE_TARNAME "yacminer"
| #define PACKAGE_VERSION "3.3.1-yac2"
| #define PACKAGE_STRING "yacminer 3.3.1-yac2"
| #define PACKAGE_BUGREPORT "mikaelh@mbnet.fi"
| #define PACKAGE_URL ""
| #define PACKAGE "yacminer"
| #define VERSION "3.3.1-yac2"
| #define STDC_HEADERS 1
| #define HAVE_SYS_TYPES_H 1
| #define HAVE_SYS_STAT_H 1
| #define HAVE_STDLIB_H 1
| #define HAVE_STRING_H 1
| #define HAVE_MEMORY_H 1
| #define HAVE_STRINGS_H 1
| #define HAVE_INTTYPES_H 1
| #define HAVE_STDINT_H 1
| #define HAVE_UNISTD_H 1
| #define __EXTENSIONS__ 1
| #define _ALL_SOURCE 1
| #define _GNU_SOURCE 1
| #define _POSIX_PTHREAD_SEMANTICS 1
| #define _TANDEM_SOURCE 1
| #define YACMINER_MAJOR_VERSION 3
| #define YACMINER_MINOR_VERSION 3
| #define YACMINER_MINOR_SUBVERSION 1
| #define HAVE_SYS_MMAN_H 1
| #define HAVE_WCHAR_H 1
| #define HAVE_STDINT_H 1
| #define HAVE_MPROTECT 1
| #define HAVE_SIGACTION 1
| #define HAVE_SIGALTSTACK 1
| #define HAVE_SIGINTERRUPT 1
| #define HAVE_MAP_ANONYMOUS 1
| #define HAVE_DECL_MEMMEM 1
| #define HAVE_MEMMEM 1
| #define restrict __restrict
| #define HAVE_WCHAR_T 1
| #define HAVE_UNSIGNED_LONG_LONG_INT 1
| #define HAVE_LONG_LONG_INT 1
| #define HAVE_RAW_DECL_MEMMEM 1
| #define HAVE_RAW_DECL_MEMPCPY 1
| #define HAVE_RAW_DECL_MEMRCHR 1
| #define HAVE_RAW_DECL_RAWMEMCHR 1
| #define HAVE_RAW_DECL_STPCPY 1
| #define HAVE_RAW_DECL_STPNCPY 1
| #define HAVE_RAW_DECL_STRCHRNUL 1
| #define HAVE_RAW_DECL_STRDUP 1
| #define HAVE_RAW_DECL_STRNCAT 1
| #define HAVE_RAW_DECL_STRNDUP 1
| #define HAVE_RAW_DECL_STRNLEN 1
| #define HAVE_RAW_DECL_STRPBRK 1
| #define HAVE_RAW_DECL_STRSEP 1
| #define HAVE_RAW_DECL_STRCASESTR 1
| #define HAVE_RAW_DECL_STRTOK_R 1
| #define HAVE_RAW_DECL_STRERROR_R 1
| #define HAVE_RAW_DECL_STRSIGNAL 1
| #define HAVE_RAW_DECL_STRVERSCMP 1
| #define GNULIB_TEST_MEMCHR 1
| #define HAVE_MEMMEM 1
| #define GNULIB_TEST_MEMMEM 1
| #define HAVE_STRUCT_SIGACTION_SA_SIGACTION 1
| #define GNULIB_TEST_SIGACTION 1
| /* end confdefs.h.  */
| 
| #include <signal.h>
| 
| 
| int
| main ()
| {
| if (sizeof ((sighandler_t)))
| 	    return 0;
|   ;
|   return 0;
| }
configure:8127: result: yes
configure:8141: checking whether sigaction is declared without a macro
configure:8159: gcc -c -g -O2  conftest.c >&5
configure:8159: $? = 0
configure:8167: result: yes
configure:8141: checking whether sigaddset is declared without a macro
configure:8159: gcc -c -g -O2  conftest.c >&5
configure:8159: $? = 0
configure:8167: result: yes
configure:8141: checking whether sigdelset is declared without a macro
configure:8159: gcc -c -g -O2  conftest.c >&5
configure:8159: $? = 0
configure:8167: result: yes
configure:8141: checking whether sigemptyset is declared without a macro
configure:8159: gcc -c -g -O2  conftest.c >&5
configure:8159: $? = 0
configure:8167: result: yes
configure:8141: checking whether sigfillset is declared without a macro
configure:8159: gcc -c -g -O2  conftest.c >&5
configure:8159: $? = 0
configure:8167: result: yes
configure:8141: checking whether sigismember is declared without a macro
configure:8159: gcc -c -g -O2  conftest.c >&5
configure:8159: $? = 0
configure:8167: result: yes
configure:8141: checking whether sigpending is declared without a macro
configure:8159: gcc -c -g -O2  conftest.c >&5
configure:8159: $? = 0
configure:8167: result: yes
configure:8141: checking whether sigprocmask is declared without a macro
configure:8159: gcc -c -g -O2  conftest.c >&5
configure:8159: $? = 0
configure:8167: result: yes
configure:8196: checking for sigprocmask
configure:8196: gcc -o conftest -g -O2   conftest.c  >&5
configure:8196: $? = 0
configure:8196: result: yes
configure:8263: checking whether NULL can be used in arbitrary expressions
configure:8281: gcc -c -g -O2  conftest.c >&5
configure:8281: $? = 0
configure:8288: result: yes
configure:8403: checking for ANSI C header files
configure:8507: result: yes
configure:8517: checking syslog.h usability
configure:8517: gcc -c -g -O2  conftest.c >&5
configure:8517: $? = 0
configure:8517: result: yes
configure:8517: checking syslog.h presence
configure:8517: gcc -E  conftest.c
configure:8517: $? = 0
configure:8517: result: yes
configure:8517: checking for syslog.h
configure:8517: result: yes
configure:8528: checking for size_t
configure:8528: gcc -c -g -O2  conftest.c >&5
configure:8528: $? = 0
configure:8528: gcc -c -g -O2  conftest.c >&5
conftest.c: In function 'main':
conftest.c:113:21: error: expected expression before ')' token
configure:8528: $? = 1
configure: failed program was:
| /* confdefs.h */
| #define PACKAGE_NAME "yacminer"
| #define PACKAGE_TARNAME "yacminer"
| #define PACKAGE_VERSION "3.3.1-yac2"
| #define PACKAGE_STRING "yacminer 3.3.1-yac2"
| #define PACKAGE_BUGREPORT "mikaelh@mbnet.fi"
| #define PACKAGE_URL ""
| #define PACKAGE "yacminer"
| #define VERSION "3.3.1-yac2"
| #define STDC_HEADERS 1
| #define HAVE_SYS_TYPES_H 1
| #define HAVE_SYS_STAT_H 1
| #define HAVE_STDLIB_H 1
| #define HAVE_STRING_H 1
| #define HAVE_MEMORY_H 1
| #define HAVE_STRINGS_H 1
| #define HAVE_INTTYPES_H 1
| #define HAVE_STDINT_H 1
| #define HAVE_UNISTD_H 1
| #define __EXTENSIONS__ 1
| #define _ALL_SOURCE 1
| #define _GNU_SOURCE 1
| #define _POSIX_PTHREAD_SEMANTICS 1
| #define _TANDEM_SOURCE 1
| #define YACMINER_MAJOR_VERSION 3
| #define YACMINER_MINOR_VERSION 3
| #define YACMINER_MINOR_SUBVERSION 1
| #define HAVE_SYS_MMAN_H 1
| #define HAVE_WCHAR_H 1
| #define HAVE_STDINT_H 1
| #define HAVE_MPROTECT 1
| #define HAVE_SIGACTION 1
| #define HAVE_SIGALTSTACK 1
| #define HAVE_SIGINTERRUPT 1
| #define HAVE_MAP_ANONYMOUS 1
| #define HAVE_DECL_MEMMEM 1
| #define HAVE_MEMMEM 1
| #define restrict __restrict
| #define HAVE_WCHAR_T 1
| #define HAVE_UNSIGNED_LONG_LONG_INT 1
| #define HAVE_LONG_LONG_INT 1
| #define HAVE_RAW_DECL_MEMMEM 1
| #define HAVE_RAW_DECL_MEMPCPY 1
| #define HAVE_RAW_DECL_MEMRCHR 1
| #define HAVE_RAW_DECL_RAWMEMCHR 1
| #define HAVE_RAW_DECL_STPCPY 1
| #define HAVE_RAW_DECL_STPNCPY 1
| #define HAVE_RAW_DECL_STRCHRNUL 1
| #define HAVE_RAW_DECL_STRDUP 1
| #define HAVE_RAW_DECL_STRNCAT 1
| #define HAVE_RAW_DECL_STRNDUP 1
| #define HAVE_RAW_DECL_STRNLEN 1
| #define HAVE_RAW_DECL_STRPBRK 1
| #define HAVE_RAW_DECL_STRSEP 1
| #define HAVE_RAW_DECL_STRCASESTR 1
| #define HAVE_RAW_DECL_STRTOK_R 1
| #define HAVE_RAW_DECL_STRERROR_R 1
| #define HAVE_RAW_DECL_STRSIGNAL 1
| #define HAVE_RAW_DECL_STRVERSCMP 1
| #define GNULIB_TEST_MEMCHR 1
| #define HAVE_MEMMEM 1
| #define GNULIB_TEST_MEMMEM 1
| #define HAVE_STRUCT_SIGACTION_SA_SIGACTION 1
| #define GNULIB_TEST_SIGACTION 1
| #define HAVE_RAW_DECL_SIGACTION 1
| #define HAVE_RAW_DECL_SIGADDSET 1
| #define HAVE_RAW_DECL_SIGDELSET 1
| #define HAVE_RAW_DECL_SIGEMPTYSET 1
| #define HAVE_RAW_DECL_SIGFILLSET 1
| #define HAVE_RAW_DECL_SIGISMEMBER 1
| #define HAVE_RAW_DECL_SIGPENDING 1
| #define HAVE_RAW_DECL_SIGPROCMASK 1
| #define GNULIB_TEST_SIGPROCMASK 1
| #define STDC_HEADERS 1
| #define HAVE_SYSLOG_H 1
| /* end confdefs.h.  */
| #include <stdio.h>
| #ifdef HAVE_SYS_TYPES_H
| # include <sys/types.h>
| #endif
| #ifdef HAVE_SYS_STAT_H
| # include <sys/stat.h>
| #endif
| #ifdef STDC_HEADERS
| # include <stdlib.h>
| # include <stddef.h>
| #else
| # ifdef HAVE_STDLIB_H
| #  include <stdlib.h>
| # endif
| #endif
| #ifdef HAVE_STRING_H
| # if !defined STDC_HEADERS && defined HAVE_MEMORY_H
| #  include <memory.h>
| # endif
| # include <string.h>
| #endif
| #ifdef HAVE_STRINGS_H
| # include <strings.h>
| #endif
| #ifdef HAVE_INTTYPES_H
| # include <inttypes.h>
| #endif
| #ifdef HAVE_STDINT_H
| # include <stdint.h>
| #endif
| #ifdef HAVE_UNISTD_H
| # include <unistd.h>
| #endif
| int
| main ()
| {
| if (sizeof ((size_t)))
| 	    return 0;
|   ;
|   return 0;
| }
configure:8528: result: yes
configure:8541: checking for working alloca.h
configure:8558: gcc -o conftest -g -O2   conftest.c  >&5
configure:8558: $? = 0
configure:8566: result: yes
configure:8574: checking for alloca
configure:8611: gcc -o conftest -g -O2   conftest.c  >&5
configure:8611: $? = 0
configure:8619: result: yes
configure:8804: checking for OpenCL
configure:8827: gcc -o conftest -g -O2 -I/opt/AMDAPP/include    conftest.c  -L/opt/AMDAPP/lib/x86_64 -lOpenCL >&5
configure:8827: $? = 0
configure:8828: result: yes
configure:8905: checking for pthread_create in -lpthread
configure:8930: gcc -o conftest -g -O2   conftest.c -lpthread   >&5
configure:8930: $? = 0
configure:8939: result: yes
configure:8955: checking for json_loads in -ljansson
configure:8980: gcc -o conftest -g -O2   conftest.c -ljansson  -lpthread  >&5
configure:8980: $? = 0
configure:8989: result: yes
configure:9011: checking for ./ADL_SDK/adl_sdk.h
configure:9025: result: yes
configure:9236: checking for library containing addstr
configure:9267: gcc -o conftest -g -O2   conftest.c -lpthread  >&5
/tmp/cca188S3.o: In function `main':
/home/afri/opt/cachedon/conftest.c:94: undefined reference to `addstr'
collect2: error: ld returned 1 exit status
configure:9267: $? = 1
configure: failed program was:
| /* confdefs.h */
| #define PACKAGE_NAME "yacminer"
| #define PACKAGE_TARNAME "yacminer"
| #define PACKAGE_VERSION "3.3.1-yac2"
| #define PACKAGE_STRING "yacminer 3.3.1-yac2"
| #define PACKAGE_BUGREPORT "mikaelh@mbnet.fi"
| #define PACKAGE_URL ""
| #define PACKAGE "yacminer"
| #define VERSION "3.3.1-yac2"
| #define STDC_HEADERS 1
| #define HAVE_SYS_TYPES_H 1
| #define HAVE_SYS_STAT_H 1
| #define HAVE_STDLIB_H 1
| #define HAVE_STRING_H 1
| #define HAVE_MEMORY_H 1
| #define HAVE_STRINGS_H 1
| #define HAVE_INTTYPES_H 1
| #define HAVE_STDINT_H 1
| #define HAVE_UNISTD_H 1
| #define __EXTENSIONS__ 1
| #define _ALL_SOURCE 1
| #define _GNU_SOURCE 1
| #define _POSIX_PTHREAD_SEMANTICS 1
| #define _TANDEM_SOURCE 1
| #define YACMINER_MAJOR_VERSION 3
| #define YACMINER_MINOR_VERSION 3
| #define YACMINER_MINOR_SUBVERSION 1
| #define HAVE_SYS_MMAN_H 1
| #define HAVE_WCHAR_H 1
| #define HAVE_STDINT_H 1
| #define HAVE_MPROTECT 1
| #define HAVE_SIGACTION 1
| #define HAVE_SIGALTSTACK 1
| #define HAVE_SIGINTERRUPT 1
| #define HAVE_MAP_ANONYMOUS 1
| #define HAVE_DECL_MEMMEM 1
| #define HAVE_MEMMEM 1
| #define restrict __restrict
| #define HAVE_WCHAR_T 1
| #define HAVE_UNSIGNED_LONG_LONG_INT 1
| #define HAVE_LONG_LONG_INT 1
| #define HAVE_RAW_DECL_MEMMEM 1
| #define HAVE_RAW_DECL_MEMPCPY 1
| #define HAVE_RAW_DECL_MEMRCHR 1
| #define HAVE_RAW_DECL_RAWMEMCHR 1
| #define HAVE_RAW_DECL_STPCPY 1
| #define HAVE_RAW_DECL_STPNCPY 1
| #define HAVE_RAW_DECL_STRCHRNUL 1
| #define HAVE_RAW_DECL_STRDUP 1
| #define HAVE_RAW_DECL_STRNCAT 1
| #define HAVE_RAW_DECL_STRNDUP 1
| #define HAVE_RAW_DECL_STRNLEN 1
| #define HAVE_RAW_DECL_STRPBRK 1
| #define HAVE_RAW_DECL_STRSEP 1
| #define HAVE_RAW_DECL_STRCASESTR 1
| #define HAVE_RAW_DECL_STRTOK_R 1
| #define HAVE_RAW_DECL_STRERROR_R 1
| #define HAVE_RAW_DECL_STRSIGNAL 1
| #define HAVE_RAW_DECL_STRVERSCMP 1
| #define GNULIB_TEST_MEMCHR 1
| #define HAVE_MEMMEM 1
| #define GNULIB_TEST_MEMMEM 1
| #define HAVE_STRUCT_SIGACTION_SA_SIGACTION 1
| #define GNULIB_TEST_SIGACTION 1
| #define HAVE_RAW_DECL_SIGACTION 1
| #define HAVE_RAW_DECL_SIGADDSET 1
| #define HAVE_RAW_DECL_SIGDELSET 1
| #define HAVE_RAW_DECL_SIGEMPTYSET 1
| #define HAVE_RAW_DECL_SIGFILLSET 1
| #define HAVE_RAW_DECL_SIGISMEMBER 1
| #define HAVE_RAW_DECL_SIGPENDING 1
| #define HAVE_RAW_DECL_SIGPROCMASK 1
| #define GNULIB_TEST_SIGPROCMASK 1
| #define STDC_HEADERS 1
| #define HAVE_SYSLOG_H 1
| #define HAVE_ALLOCA_H 1
| #define HAVE_ALLOCA 1
| #define HAVE_OPENCL 1
| #define HAVE_LIBPTHREAD 1
| #define HAVE_ADL 1
| #define USE_SCRYPT 1
| /* end confdefs.h.  */
| 
| /* Override any GCC internal prototype to avoid an error.
|    Use char because int might match the return type of a GCC
|    builtin and then its argument prototype would still apply.  */
| #ifdef __cplusplus
| extern "C"
| #endif
| char addstr ();
| int
| main ()
| {
| return addstr ();
|   ;
|   return 0;
| }
configure:9267: gcc -o conftest -g -O2   conftest.c -lncurses  -lpthread  >&5
configure:9267: $? = 0
configure:9284: result: -lncurses
configure:9427: checking for pkg-config
configure:9445: found /usr/bin/pkg-config
configure:9457: result: /usr/bin/pkg-config
configure:9482: checking pkg-config is at least version 0.9.0
configure:9485: result: yes
configure:9596: checking for LIBCURL
configure:9603: $PKG_CONFIG --exists --print-errors "libcurl >= 7.25.0"
configure:9606: $? = 0
configure:9620: $PKG_CONFIG --exists --print-errors "libcurl >= 7.25.0"
configure:9623: $? = 0
configure:9801: result: yes
configure:9892: gcc -c -g -O2  conftest.c >&5
conftest.c:86:26: fatal error: process.h: No such file or directory
compilation terminated.
configure:9892: $? = 1
configure: failed program was:
| /* confdefs.h */
| #define PACKAGE_NAME "yacminer"
| #define PACKAGE_TARNAME "yacminer"
| #define PACKAGE_VERSION "3.3.1-yac2"
| #define PACKAGE_STRING "yacminer 3.3.1-yac2"
| #define PACKAGE_BUGREPORT "mikaelh@mbnet.fi"
| #define PACKAGE_URL ""
| #define PACKAGE "yacminer"
| #define VERSION "3.3.1-yac2"
| #define STDC_HEADERS 1
| #define HAVE_SYS_TYPES_H 1
| #define HAVE_SYS_STAT_H 1
| #define HAVE_STDLIB_H 1
| #define HAVE_STRING_H 1
| #define HAVE_MEMORY_H 1
| #define HAVE_STRINGS_H 1
| #define HAVE_INTTYPES_H 1
| #define HAVE_STDINT_H 1
| #define HAVE_UNISTD_H 1
| #define __EXTENSIONS__ 1
| #define _ALL_SOURCE 1
| #define _GNU_SOURCE 1
| #define _POSIX_PTHREAD_SEMANTICS 1
| #define _TANDEM_SOURCE 1
| #define YACMINER_MAJOR_VERSION 3
| #define YACMINER_MINOR_VERSION 3
| #define YACMINER_MINOR_SUBVERSION 1
| #define HAVE_SYS_MMAN_H 1
| #define HAVE_WCHAR_H 1
| #define HAVE_STDINT_H 1
| #define HAVE_MPROTECT 1
| #define HAVE_SIGACTION 1
| #define HAVE_SIGALTSTACK 1
| #define HAVE_SIGINTERRUPT 1
| #define HAVE_MAP_ANONYMOUS 1
| #define HAVE_DECL_MEMMEM 1
| #define HAVE_MEMMEM 1
| #define restrict __restrict
| #define HAVE_WCHAR_T 1
| #define HAVE_UNSIGNED_LONG_LONG_INT 1
| #define HAVE_LONG_LONG_INT 1
| #define HAVE_RAW_DECL_MEMMEM 1
| #define HAVE_RAW_DECL_MEMPCPY 1
| #define HAVE_RAW_DECL_MEMRCHR 1
| #define HAVE_RAW_DECL_RAWMEMCHR 1
| #define HAVE_RAW_DECL_STPCPY 1
| #define HAVE_RAW_DECL_STPNCPY 1
| #define HAVE_RAW_DECL_STRCHRNUL 1
| #define HAVE_RAW_DECL_STRDUP 1
| #define HAVE_RAW_DECL_STRNCAT 1
| #define HAVE_RAW_DECL_STRNDUP 1
| #define HAVE_RAW_DECL_STRNLEN 1
| #define HAVE_RAW_DECL_STRPBRK 1
| #define HAVE_RAW_DECL_STRSEP 1
| #define HAVE_RAW_DECL_STRCASESTR 1
| #define HAVE_RAW_DECL_STRTOK_R 1
| #define HAVE_RAW_DECL_STRERROR_R 1
| #define HAVE_RAW_DECL_STRSIGNAL 1
| #define HAVE_RAW_DECL_STRVERSCMP 1
| #define GNULIB_TEST_MEMCHR 1
| #define HAVE_MEMMEM 1
| #define GNULIB_TEST_MEMMEM 1
| #define HAVE_STRUCT_SIGACTION_SA_SIGACTION 1
| #define GNULIB_TEST_SIGACTION 1
| #define HAVE_RAW_DECL_SIGACTION 1
| #define HAVE_RAW_DECL_SIGADDSET 1
| #define HAVE_RAW_DECL_SIGDELSET 1
| #define HAVE_RAW_DECL_SIGEMPTYSET 1
| #define HAVE_RAW_DECL_SIGFILLSET 1
| #define HAVE_RAW_DECL_SIGISMEMBER 1
| #define HAVE_RAW_DECL_SIGPENDING 1
| #define HAVE_RAW_DECL_SIGPROCMASK 1
| #define GNULIB_TEST_SIGPROCMASK 1
| #define STDC_HEADERS 1
| #define HAVE_SYSLOG_H 1
| #define HAVE_ALLOCA_H 1
| #define HAVE_ALLOCA 1
| #define HAVE_OPENCL 1
| #define HAVE_LIBPTHREAD 1
| #define HAVE_ADL 1
| #define USE_SCRYPT 1
| #define HAVE_CURSES 1
| #define CURL_HAS_KEEPALIVE 1
| /* end confdefs.h.  */
| 
| 		   #include <process.h>
| 		   int execv(const char*, const char*const*);
| 
configure:9910: gcc -c -g -O2  conftest.c >&5
configure:9910: $? = 0
configure:9920: gcc -c -g -O2  conftest.c >&5
configure:9920: $? = 0
configure:9930: gcc -c -g -O2  conftest.c >&5
conftest.c: In function 'cleanup':
conftest.c:88:55: warning: incompatible implicit declaration of built-in function 'exit' [enabled by default]
configure:9930: $? = 0
configure:9940: gcc -c -g -O2  conftest.c >&5
configure:9940: $? = 0
configure:9950: gcc -c -g -O2  conftest.c >&5
configure:9950: $? = 0
configure:9960: gcc -c -g -O2  conftest.c >&5
configure:9960: $? = 0
configure:9970: gcc -o conftest -g -O2   conftest.c -lncurses -lpthread  >&5
configure:9970: $? = 0
configure:9981: gcc -o conftest -g -O2   conftest.c -lncurses -lpthread  >&5
configure:9981: $? = 0
configure:9992: gcc -c -g -O2  conftest.c >&5
configure:9992: $? = 0
configure:10285: creating ./config.status

## ---------------------- ##
## Running config.status. ##
## ---------------------- ##

This file was extended by yacminer config.status 3.3.1-yac2, which was
generated by GNU Autoconf 2.69.  Invocation command line was

  CONFIG_FILES    = 
  CONFIG_HEADERS  = 
  CONFIG_LINKS    = 
  CONFIG_COMMANDS = 
  $ ./config.status 

on qdoe

config.status:1131: creating Makefile
config.status:1131: creating compat/Makefile
config.status:1131: creating compat/jansson/Makefile
config.status:1131: creating ccan/Makefile
config.status:1131: creating lib/Makefile
config.status:1131: creating config.h
config.status:1360: executing depfiles commands

## ---------------- ##
## Cache variables. ##
## ---------------- ##

ac_cv_build=x86_64-unknown-linux-gnu
ac_cv_c_compiler_gnu=yes
ac_cv_c_inline=inline
ac_cv_c_restrict=__restrict
ac_cv_env_CC_set=
ac_cv_env_CC_value=
ac_cv_env_CFLAGS_set=
ac_cv_env_CFLAGS_value=
ac_cv_env_CPPFLAGS_set=
ac_cv_env_CPPFLAGS_value=
ac_cv_env_CPP_set=
ac_cv_env_CPP_value=
ac_cv_env_LDFLAGS_set=
ac_cv_env_LDFLAGS_value=
ac_cv_env_LIBCURL_CFLAGS_set=
ac_cv_env_LIBCURL_CFLAGS_value=
ac_cv_env_LIBCURL_LIBS_set=
ac_cv_env_LIBCURL_LIBS_value=
ac_cv_env_LIBS_set=
ac_cv_env_LIBS_value=
ac_cv_env_LIBUSB_CFLAGS_set=
ac_cv_env_LIBUSB_CFLAGS_value=
ac_cv_env_LIBUSB_LIBS_set=
ac_cv_env_LIBUSB_LIBS_value=
ac_cv_env_PKG_CONFIG_LIBDIR_set=
ac_cv_env_PKG_CONFIG_LIBDIR_value=
ac_cv_env_PKG_CONFIG_PATH_set=
ac_cv_env_PKG_CONFIG_PATH_value=
ac_cv_env_PKG_CONFIG_set=
ac_cv_env_PKG_CONFIG_value=
ac_cv_env_build_alias_set=
ac_cv_env_build_alias_value=
ac_cv_env_host_alias_set=
ac_cv_env_host_alias_value=
ac_cv_env_target_alias_set=
ac_cv_env_target_alias_value=
ac_cv_file___ADL_SDK_adl_sdk_h=yes
ac_cv_func_alloca_works=yes
ac_cv_func_memmem=yes
ac_cv_func_mmap=yes
ac_cv_func_mprotect=yes
ac_cv_func_sigaction=yes
ac_cv_func_sigaltstack=yes
ac_cv_func_siginterrupt=yes
ac_cv_func_sigprocmask=yes
ac_cv_have_decl_memmem=yes
ac_cv_have_decl_mempcpy=yes
ac_cv_have_decl_memrchr=yes
ac_cv_have_decl_rawmemchr=yes
ac_cv_have_decl_sigaction=yes
ac_cv_have_decl_sigaddset=yes
ac_cv_have_decl_sigdelset=yes
ac_cv_have_decl_sigemptyset=yes
ac_cv_have_decl_sigfillset=yes
ac_cv_have_decl_sigismember=yes
ac_cv_have_decl_sigpending=yes
ac_cv_have_decl_sigprocmask=yes
ac_cv_have_decl_stpcpy=yes
ac_cv_have_decl_stpncpy=yes
ac_cv_have_decl_strcasestr=yes
ac_cv_have_decl_strchrnul=yes
ac_cv_have_decl_strdup=yes
ac_cv_have_decl_strerror_r=yes
ac_cv_have_decl_strncat=yes
ac_cv_have_decl_strndup=yes
ac_cv_have_decl_strnlen=yes
ac_cv_have_decl_strpbrk=yes
ac_cv_have_decl_strsep=yes
ac_cv_have_decl_strsignal=yes
ac_cv_have_decl_strtok_r=yes
ac_cv_have_decl_strverscmp=yes
ac_cv_header_inttypes_h=yes
ac_cv_header_memory_h=yes
ac_cv_header_minix_config_h=no
ac_cv_header_stdc=yes
ac_cv_header_stdint_h=yes
ac_cv_header_stdlib_h=yes
ac_cv_header_string_h=yes
ac_cv_header_strings_h=yes
ac_cv_header_sys_mman_h=yes
ac_cv_header_sys_stat_h=yes
ac_cv_header_sys_types_h=yes
ac_cv_header_syslog_h=yes
ac_cv_header_unistd_h=yes
ac_cv_header_wchar_h=yes
ac_cv_host=x86_64-unknown-linux-gnu
ac_cv_lib_jansson_json_loads=yes
ac_cv_lib_pthread_pthread_create=yes
ac_cv_member_struct_sigaction_sa_sigaction=yes
ac_cv_objext=o
ac_cv_path_EGREP='/bin/grep -E'
ac_cv_path_GREP=/bin/grep
ac_cv_path_ac_pt_PKG_CONFIG=/usr/bin/pkg-config
ac_cv_path_install='/usr/bin/install -c'
ac_cv_path_mkdir=/bin/mkdir
ac_cv_prog_AWK=gawk
ac_cv_prog_CPP='gcc -E'
ac_cv_prog_ac_ct_CC=gcc
ac_cv_prog_ac_ct_RANLIB=ranlib
ac_cv_prog_cc_c89=
ac_cv_prog_cc_g=yes
ac_cv_prog_cc_gcc_c_o=yes
ac_cv_prog_gcc_traditional=no
ac_cv_prog_make_make_set=yes
ac_cv_safe_to_define___extensions__=yes
ac_cv_search_addstr=-lncurses
ac_cv_target=x86_64-unknown-linux-gnu
ac_cv_type_long_long_int=yes
ac_cv_type_sighandler_t=yes
ac_cv_type_size_t=yes
ac_cv_type_uid_t=yes
ac_cv_type_unsigned_long_long_int=yes
ac_cv_type_volatile_sig_atomic_t=yes
ac_cv_working_alloca_h=yes
am_cv_CC_dependencies_compiler_type=gcc3
am_cv_make_support_nested_variables=yes
gl_cv_c_multiarch=no
gl_cv_decl_null_works=yes
gl_cv_func_memchr_works=yes
gl_cv_func_memmem_works_always=yes
gl_cv_func_memmem_works_fast=yes
gl_cv_func_sigprocmask=1
gl_cv_have_include_next=yes
gl_cv_have_raw_decl_memmem=yes
gl_cv_have_raw_decl_mempcpy=yes
gl_cv_have_raw_decl_memrchr=yes
gl_cv_have_raw_decl_rawmemchr=yes
gl_cv_have_raw_decl_sigaction=yes
gl_cv_have_raw_decl_sigaddset=yes
gl_cv_have_raw_decl_sigdelset=yes
gl_cv_have_raw_decl_sigemptyset=yes
gl_cv_have_raw_decl_sigfillset=yes
gl_cv_have_raw_decl_sigismember=yes
gl_cv_have_raw_decl_sigpending=yes
gl_cv_have_raw_decl_sigprocmask=yes
gl_cv_have_raw_decl_stpcpy=yes
gl_cv_have_raw_decl_stpncpy=yes
gl_cv_have_raw_decl_strcasestr=yes
gl_cv_have_raw_decl_strchrnul=yes
gl_cv_have_raw_decl_strdup=yes
gl_cv_have_raw_decl_strerror_r=yes
gl_cv_have_raw_decl_strncat=yes
gl_cv_have_raw_decl_strndup=yes
gl_cv_have_raw_decl_strnlen=yes
gl_cv_have_raw_decl_strpbrk=yes
gl_cv_have_raw_decl_strsep=yes
gl_cv_have_raw_decl_strsignal=yes
gl_cv_have_raw_decl_strtok_r=yes
gl_cv_have_raw_decl_strverscmp=yes
gl_cv_header_working_stdint_h=yes
gl_cv_next_signal_h='<signal.h>'
gl_cv_next_stdint_h='<stdint.h>'
gl_cv_next_string_h='<string.h>'
gl_cv_pragma_columns=no
gt_cv_c_wchar_t=yes
pkg_cv_LIBCURL_CFLAGS=
pkg_cv_LIBCURL_LIBS='-lcurl '

## ----------------- ##
## Output variables. ##
## ----------------- ##

ACLOCAL='${SHELL} /home/afri/opt/cachedon/missing --run aclocal-1.11'
ADL_CPPFLAGS='-I.'
ALLOCA=''
AMDEPBACKSLASH='\'
AMDEP_FALSE='#'
AMDEP_TRUE=''
AMTAR='$${TAR-tar}'
AM_BACKSLASH='\'
AM_DEFAULT_V='$(AM_DEFAULT_VERBOSITY)'
AM_DEFAULT_VERBOSITY='0'
AM_V='$(V)'
APPLE_UNIVERSAL_BUILD='0'
AUTOCONF='${SHELL} /home/afri/opt/cachedon/missing --run autoconf'
AUTOHEADER='${SHELL} /home/afri/opt/cachedon/missing --run autoheader'
AUTOMAKE='${SHELL} /home/afri/opt/cachedon/missing --run automake-1.11'
AWK='gawk'
BITSIZEOF_PTRDIFF_T=''
BITSIZEOF_SIG_ATOMIC_T=''
BITSIZEOF_SIZE_T=''
BITSIZEOF_WCHAR_T=''
BITSIZEOF_WINT_T=''
CC='gcc'
CCDEPMODE='depmode=gcc3'
CFLAGS='-g -O2'
CPP='gcc -E'
CPPFLAGS=''
CYGPATH_W='echo'
DEFS='-DHAVE_CONFIG_H'
DEPDIR='.deps'
DLOPEN_FLAGS='-ldl'
ECHO_C=''
ECHO_N='-n'
ECHO_T=''
EGREP='/bin/grep -E'
EXEEXT=''
GL_COND_LIBTOOL_FALSE=''
GL_COND_LIBTOOL_TRUE='#'
GL_GENERATE_STDDEF_H_FALSE=''
GL_GENERATE_STDDEF_H_TRUE='#'
GL_GENERATE_STDINT_H_FALSE=''
GL_GENERATE_STDINT_H_TRUE='#'
GNULIB_MBSCASECMP='0'
GNULIB_MBSCASESTR='0'
GNULIB_MBSCHR='0'
GNULIB_MBSCSPN='0'
GNULIB_MBSLEN='0'
GNULIB_MBSNCASECMP='0'
GNULIB_MBSNLEN='0'
GNULIB_MBSPBRK='0'
GNULIB_MBSPCASECMP='0'
GNULIB_MBSRCHR='0'
GNULIB_MBSSEP='0'
GNULIB_MBSSPN='0'
GNULIB_MBSSTR='0'
GNULIB_MBSTOK_R='0'
GNULIB_MEMCHR='1'
GNULIB_MEMMEM='1'
GNULIB_MEMPCPY='0'
GNULIB_MEMRCHR='0'
GNULIB_RAWMEMCHR='0'
GNULIB_SIGACTION='1'
GNULIB_SIGNAL_H_SIGPIPE='0'
GNULIB_SIGPROCMASK='1'
GNULIB_STPCPY='0'
GNULIB_STPNCPY='0'
GNULIB_STRCASESTR='0'
GNULIB_STRCHRNUL='0'
GNULIB_STRDUP='0'
GNULIB_STRERROR='0'
GNULIB_STRERROR_R='0'
GNULIB_STRNCAT='0'
GNULIB_STRNDUP='0'
GNULIB_STRNLEN='0'
GNULIB_STRPBRK='0'
GNULIB_STRSEP='0'
GNULIB_STRSIGNAL='0'
GNULIB_STRSTR='0'
GNULIB_STRTOK_R='0'
GNULIB_STRVERSCMP='0'
GREP='/bin/grep'
HAS_AVALON_FALSE=''
HAS_AVALON_TRUE='#'
HAS_BFLSC_FALSE=''
HAS_BFLSC_TRUE='#'
HAS_BITFORCE_FALSE=''
HAS_BITFORCE_TRUE='#'
HAS_ICARUS_FALSE=''
HAS_ICARUS_TRUE='#'
HAS_MODMINER_FALSE=''
HAS_MODMINER_TRUE='#'
HAS_SCRYPT_FALSE='#'
HAS_SCRYPT_TRUE=''
HAS_ZTEX_FALSE=''
HAS_ZTEX_TRUE='#'
HAVE_CURSES_FALSE='#'
HAVE_CURSES_TRUE=''
HAVE_DECL_MEMMEM='1'
HAVE_DECL_MEMRCHR='1'
HAVE_DECL_STRDUP='1'
HAVE_DECL_STRERROR_R='1'
HAVE_DECL_STRNDUP='1'
HAVE_DECL_STRNLEN='1'
HAVE_DECL_STRSIGNAL='1'
HAVE_DECL_STRTOK_R='1'
HAVE_INTTYPES_H='1'
HAVE_LONG_LONG_INT='1'
HAVE_MBSLEN='0'
HAVE_MEMCHR='1'
HAVE_MEMPCPY='1'
HAVE_POSIX_SIGNALBLOCKING='1'
HAVE_RAWMEMCHR='1'
HAVE_SIGACTION='1'
HAVE_SIGHANDLER_T='1'
HAVE_SIGINFO_T='1'
HAVE_SIGNED_SIG_ATOMIC_T=''
HAVE_SIGNED_WCHAR_T=''
HAVE_SIGNED_WINT_T=''
HAVE_SIGSET_T='1'
HAVE_STDINT_H='1'
HAVE_STPCPY='1'
HAVE_STPNCPY='1'
HAVE_STRCASESTR='1'
HAVE_STRCHRNUL='1'
HAVE_STRPBRK='1'
HAVE_STRSEP='1'
HAVE_STRUCT_SIGACTION_SA_SIGACTION='1'
HAVE_STRVERSCMP='1'
HAVE_SYS_BITYPES_H=''
HAVE_SYS_INTTYPES_H=''
HAVE_SYS_TYPES_H='1'
HAVE_TYPE_VOLATILE_SIG_ATOMIC_T='1'
HAVE_UNSIGNED_LONG_LONG_INT='1'
HAVE_WCHAR_H='1'
HAVE_WCHAR_T='1'
HAVE_WINDOWS_FALSE=''
HAVE_WINDOWS_TRUE='#'
HAVE_x86_64_FALSE='#'
HAVE_x86_64_TRUE=''
INCLUDE_NEXT='include_next'
INCLUDE_NEXT_AS_FIRST_DIRECTIVE='include_next'
INSTALL_DATA='${INSTALL} -m 644'
INSTALL_PROGRAM='${INSTALL}'
INSTALL_SCRIPT='${INSTALL}'
INSTALL_STRIP_PROGRAM='$(install_sh) -c -s'
JANSSON_LIBS='-ljansson'
LDFLAGS=''
LIBCURL_CFLAGS=''
LIBCURL_LIBS='-lcurl '
LIBGNU_LIBDEPS=''
LIBGNU_LTLIBDEPS=''
LIBOBJS=''
LIBS='-lncurses -lpthread '
LIBUSB_CFLAGS=''
LIBUSB_LIBS=''
LTLIBOBJS=''
MAINT='#'
MAINTAINER_MODE_FALSE=''
MAINTAINER_MODE_TRUE='#'
MAKEINFO='${SHELL} /home/afri/opt/cachedon/missing --run makeinfo'
MATH_LIBS='-lm'
MKDIR_P='/bin/mkdir -p'
MM_LIBS=''
NCURSES_LIBS=''
NEED_FPGAUTILS_FALSE=''
NEED_FPGAUTILS_TRUE='#'
NEED_USBUTILS_C_FALSE=''
NEED_USBUTILS_C_TRUE='#'
NEXT_AS_FIRST_DIRECTIVE_SIGNAL_H='<signal.h>'
NEXT_AS_FIRST_DIRECTIVE_STDDEF_H=''
NEXT_AS_FIRST_DIRECTIVE_STDINT_H='<stdint.h>'
NEXT_AS_FIRST_DIRECTIVE_STRING_H='<string.h>'
NEXT_SIGNAL_H='<signal.h>'
NEXT_STDDEF_H=''
NEXT_STDINT_H='<stdint.h>'
NEXT_STRING_H='<string.h>'
OBJEXT='o'
OPENCL_FLAGS='-I/opt/AMDAPP/include '
OPENCL_LIBS='-L/opt/AMDAPP/lib/x86_64 -lOpenCL'
PACKAGE='yacminer'
PACKAGE_BUGREPORT='mikaelh@mbnet.fi'
PACKAGE_NAME='yacminer'
PACKAGE_STRING='yacminer 3.3.1-yac2'
PACKAGE_TARNAME='yacminer'
PACKAGE_URL=''
PACKAGE_VERSION='3.3.1-yac2'
PATH_SEPARATOR=':'
PDCURSES_LIBS=''
PKG_CONFIG='/usr/bin/pkg-config'
PKG_CONFIG_LIBDIR=''
PKG_CONFIG_PATH=''
PRAGMA_COLUMNS=''
PRAGMA_SYSTEM_HEADER='#pragma GCC system_header'
PTHREAD_FLAGS='-lpthread'
PTHREAD_LIBS='-lpthread'
PTRDIFF_T_SUFFIX=''
RANLIB='ranlib'
REPLACE_MEMCHR='0'
REPLACE_MEMMEM='0'
REPLACE_NULL='0'
REPLACE_STPNCPY='0'
REPLACE_STRCASESTR='0'
REPLACE_STRCHRNUL='0'
REPLACE_STRDUP='0'
REPLACE_STRERROR='0'
REPLACE_STRERROR_R='0'
REPLACE_STRNCAT='0'
REPLACE_STRNDUP='0'
REPLACE_STRNLEN='0'
REPLACE_STRSIGNAL='0'
REPLACE_STRSTR='0'
REPLACE_STRTOK_R='0'
SET_MAKE=''
SHELL='/bin/sh'
SIG_ATOMIC_T_SUFFIX=''
SIZE_T_SUFFIX=''
STDDEF_H=''
STDINT_H=''
STRIP=''
UNDEFINE_STRTOK_R='0'
VERSION='3.3.1-yac2'
VMAJ='3'
WANT_JANSSON_FALSE=''
WANT_JANSSON_TRUE='#'
WCHAR_T_SUFFIX=''
WINT_T_SUFFIX=''
WS2_LIBS=''
ac_ct_CC='gcc'
am__EXEEXT_FALSE=''
am__EXEEXT_TRUE='#'
am__fastdepCC_FALSE='#'
am__fastdepCC_TRUE=''
am__include='include'
am__isrc=''
am__leading_dot='.'
am__nodep='_no'
am__quote=''
am__tar='$${TAR-tar} chof - "$$tardir"'
am__untar='$${TAR-tar} xf -'
bindir='${exec_prefix}/bin'
build='x86_64-unknown-linux-gnu'
build_alias=''
build_cpu='x86_64'
build_os='linux-gnu'
build_vendor='unknown'
datadir='${datarootdir}'
datarootdir='${prefix}/share'
docdir='${datarootdir}/doc/${PACKAGE_TARNAME}'
dvidir='${docdir}'
exec_prefix='${prefix}'
gl_LIBOBJS=''
gl_LTLIBOBJS=''
gltests_LIBOBJS=''
gltests_LTLIBOBJS=''
gltests_WITNESS='IN_YACMINER_GNULIB_TESTS'
host='x86_64-unknown-linux-gnu'
host_alias=''
host_cpu='x86_64'
host_os='linux-gnu'
host_vendor='unknown'
htmldir='${docdir}'
includedir='${prefix}/include'
infodir='${datarootdir}/info'
install_sh='${SHELL} /home/afri/opt/cachedon/install-sh'
libdir='${exec_prefix}/lib'
libexecdir='${exec_prefix}/libexec'
localedir='${datarootdir}/locale'
localstatedir='${prefix}/var'
mandir='${datarootdir}/man'
mkdir_p='/bin/mkdir -p'
oldincludedir='/usr/include'
pdfdir='${docdir}'
prefix='/usr/local'
program_transform_name='s,x,x,'
psdir='${docdir}'
release_info=''
sbindir='${exec_prefix}/sbin'
sharedstatedir='${prefix}/com'
sysconfdir='${prefix}/etc'
target='x86_64-unknown-linux-gnu'
target_alias=''
target_cpu='x86_64'
target_os='linux-gnu'
target_vendor='unknown'
version_info='6:1:3'

## ----------- ##
## confdefs.h. ##
## ----------- ##

/* confdefs.h */
#define PACKAGE_NAME "yacminer"
#define PACKAGE_TARNAME "yacminer"
#define PACKAGE_VERSION "3.3.1-yac2"
#define PACKAGE_STRING "yacminer 3.3.1-yac2"
#define PACKAGE_BUGREPORT "mikaelh@mbnet.fi"
#define PACKAGE_URL ""
#define PACKAGE "yacminer"
#define VERSION "3.3.1-yac2"
#define STDC_HEADERS 1
#define HAVE_SYS_TYPES_H 1
#define HAVE_SYS_STAT_H 1
#define HAVE_STDLIB_H 1
#define HAVE_STRING_H 1
#define HAVE_MEMORY_H 1
#define HAVE_STRINGS_H 1
#define HAVE_INTTYPES_H 1
#define HAVE_STDINT_H 1
#define HAVE_UNISTD_H 1
#define __EXTENSIONS__ 1
#define _ALL_SOURCE 1
#define _GNU_SOURCE 1
#define _POSIX_PTHREAD_SEMANTICS 1
#define _TANDEM_SOURCE 1
#define YACMINER_MAJOR_VERSION 3
#define YACMINER_MINOR_VERSION 3
#define YACMINER_MINOR_SUBVERSION 1
#define HAVE_SYS_MMAN_H 1
#define HAVE_WCHAR_H 1
#define HAVE_STDINT_H 1
#define HAVE_MPROTECT 1
#define HAVE_SIGACTION 1
#define HAVE_SIGALTSTACK 1
#define HAVE_SIGINTERRUPT 1
#define HAVE_MAP_ANONYMOUS 1
#define HAVE_DECL_MEMMEM 1
#define HAVE_MEMMEM 1
#define restrict __restrict
#define HAVE_WCHAR_T 1
#define HAVE_UNSIGNED_LONG_LONG_INT 1
#define HAVE_LONG_LONG_INT 1
#define HAVE_RAW_DECL_MEMMEM 1
#define HAVE_RAW_DECL_MEMPCPY 1
#define HAVE_RAW_DECL_MEMRCHR 1
#define HAVE_RAW_DECL_RAWMEMCHR 1
#define HAVE_RAW_DECL_STPCPY 1
#define HAVE_RAW_DECL_STPNCPY 1
#define HAVE_RAW_DECL_STRCHRNUL 1
#define HAVE_RAW_DECL_STRDUP 1
#define HAVE_RAW_DECL_STRNCAT 1
#define HAVE_RAW_DECL_STRNDUP 1
#define HAVE_RAW_DECL_STRNLEN 1
#define HAVE_RAW_DECL_STRPBRK 1
#define HAVE_RAW_DECL_STRSEP 1
#define HAVE_RAW_DECL_STRCASESTR 1
#define HAVE_RAW_DECL_STRTOK_R 1
#define HAVE_RAW_DECL_STRERROR_R 1
#define HAVE_RAW_DECL_STRSIGNAL 1
#define HAVE_RAW_DECL_STRVERSCMP 1
#define GNULIB_TEST_MEMCHR 1
#define HAVE_MEMMEM 1
#define GNULIB_TEST_MEMMEM 1
#define HAVE_STRUCT_SIGACTION_SA_SIGACTION 1
#define GNULIB_TEST_SIGACTION 1
#define HAVE_RAW_DECL_SIGACTION 1
#define HAVE_RAW_DECL_SIGADDSET 1
#define HAVE_RAW_DECL_SIGDELSET 1
#define HAVE_RAW_DECL_SIGEMPTYSET 1
#define HAVE_RAW_DECL_SIGFILLSET 1
#define HAVE_RAW_DECL_SIGISMEMBER 1
#define HAVE_RAW_DECL_SIGPENDING 1
#define HAVE_RAW_DECL_SIGPROCMASK 1
#define GNULIB_TEST_SIGPROCMASK 1
#define STDC_HEADERS 1
#define HAVE_SYSLOG_H 1
#define HAVE_ALLOCA_H 1
#define HAVE_ALLOCA 1
#define HAVE_OPENCL 1
#define HAVE_LIBPTHREAD 1
#define HAVE_ADL 1
#define USE_SCRYPT 1
#define HAVE_CURSES 1
#define CURL_HAS_KEEPALIVE 1
#define EXECV_2ND_ARG_TYPE char* const*
#define HAVE_ATTRIBUTE_COLD 1
#define HAVE_ATTRIBUTE_CONST 1
#define HAVE_ATTRIBUTE_NORETURN 1
#define HAVE_ATTRIBUTE_PRINTF 1
#define HAVE_ATTRIBUTE_UNUSED 1
#define HAVE_ATTRIBUTE_USED 1
#define HAVE_BUILTIN_CONSTANT_P 1
#define HAVE_BUILTIN_TYPES_COMPATIBLE_P 1
#define HAVE_WARN_UNUSED_RESULT 1
#define YACMINER_PREFIX "/usr/local/bin"
#define PHATK_KERNNAME "phatk121016"
#define POCLBM_KERNNAME "poclbm130302"
#define DIAKGCN_KERNNAME "diakgcn121016"
#define DIABLO_KERNNAME "diablo130302"
#define SCRYPT_KERNNAME "scrypt-chacha"

configure: exit 0
